android/app/build/intermediates/manifest_merge_blame_file/debug/manifest-merger-blame-debug-report.txt
1<?xml version="1.0" encoding="utf-8"?>
2<manifest xmlns:android="http://schemas.android.com/apk/res/android"
3    package="com.statsproject"
4    android:versionCode="1"
5    android:versionName="1.0" >
6    <!--
7 <meta-data
8      android:name="com.google.android.gms.version"
9      android:value="@integer/google_play_services_version" />
10    <meta-data
11      android:name="com.facebook.sdk.ApplicationId"
12      android:value="@string/facebook_app_id" />
13    -->
14    <uses-sdk
15        android:minSdkVersion="21"
16        android:targetSdkVersion="31" />
17
18    <uses-permission android:name="android.permission.SYSTEM_ALERT_WINDOW" />
18-->src\main\AndroidManifest.xml:21:7-79
18-->src\main\AndroidManifest.xml:21:24-77
19    <uses-permission android:name="android.permission.INTERNET" />
19-->src\main\AndroidManifest.xml:14:5-67
19-->src\main\AndroidManifest.xml:14:22-64
20    <uses-permission android:name="android.permission.PACKAGE_USAGE_STATS" /> <!-- <uses-permission android:name="android.permission.PACKAGE_USAGE_STATS" tools:ignore="ProtectedPermissions"/> -->
20-->src\main\AndroidManifest.xml:15:5-77
20-->src\main\AndroidManifest.xml:15:22-75
21    <uses-permission android:name="android.permission.QUERY_ALL_PACKAGES" />
21-->src\main\AndroidManifest.xml:17:5-76
21-->src\main\AndroidManifest.xml:17:22-74
22    <uses-permission android:name="android.permission.CAMERA" />
22-->src\main\AndroidManifest.xml:18:5-65
22-->src\main\AndroidManifest.xml:18:22-62
23    <uses-permission android:name="android.permission.FOREGROUND_SERVICE" />
23-->src\main\AndroidManifest.xml:19:5-77
23-->src\main\AndroidManifest.xml:19:22-74
24    <uses-permission android:name="android.permission.WAKE_LOCK" />
24-->src\main\AndroidManifest.xml:20:7-70
24-->src\main\AndroidManifest.xml:20:24-67
25    <uses-permission android:name="android.permission.ACCESS_WIFI_STATE" /> <!-- Required by older versions of Google Play services to create IID tokens -->
25-->[com.facebook.flipper:flipper:0.125.0] AndroidManifest.xml:16:5-76
25-->[com.facebook.flipper:flipper:0.125.0] AndroidManifest.xml:16:22-73
26    <uses-permission android:name="com.google.android.c2dm.permission.RECEIVE" />
26-->[com.google.android.gms:play-services-iid:17.0.0] AndroidManifest.xml:23:5-82
26-->[com.google.android.gms:play-services-iid:17.0.0] AndroidManifest.xml:23:22-79
27    <uses-permission android:name="com.google.android.finsky.permission.BIND_GET_INSTALL_REFERRER_SERVICE" />
27-->[com.android.installreferrer:installreferrer:1.1.2] AndroidManifest.xml:9:5-110
27-->[com.android.installreferrer:installreferrer:1.1.2] AndroidManifest.xml:9:22-107
28
29    <application
29-->src\main\AndroidManifest.xml:25:5-51:19
30        android:name="com.statsproject.MainApplication"
30-->src\main\AndroidManifest.xml:26:7-38
31        android:allowBackup="false"
31-->src\main\AndroidManifest.xml:30:7-34
32        android:appComponentFactory="androidx.core.app.CoreComponentFactory"
32-->[androidx.core:core:1.7.0] AndroidManifest.xml:24:18-86
33        android:debuggable="true"
34        android:icon="@mipmap/ic_launcher"
34-->src\main\AndroidManifest.xml:28:7-41
35        android:label="@string/app_name"
35-->src\main\AndroidManifest.xml:27:7-39
36        android:roundIcon="@mipmap/ic_launcher_round"
36-->src\main\AndroidManifest.xml:29:7-52
37        android:theme="@style/AppTheme"
37-->src\main\AndroidManifest.xml:31:7-38
38        android:usesCleartextTraffic="true" >
38-->src\debug\AndroidManifest.xml:8:9-44
39        <activity
39-->src\debug\AndroidManifest.xml:11:9-111
40            android:name="com.facebook.react.devsupport.DevSettingsActivity"
40-->src\debug\AndroidManifest.xml:11:19-83
41            android:exported="false" />
41-->src\debug\AndroidManifest.xml:11:84-108
42        <activity
42-->src\main\AndroidManifest.xml:32:7-49:18
43            android:name="com.statsproject.MainActivity"
43-->src\main\AndroidManifest.xml:33:9-37
44            android:configChanges="keyboard|keyboardHidden|orientation|screenLayout|screenSize|smallestScreenSize|uiMode"
44-->src\main\AndroidManifest.xml:35:9-118
45            android:exported="true"
45-->src\main\AndroidManifest.xml:38:9-32
46            android:label="@string/app_name"
46-->src\main\AndroidManifest.xml:34:9-41
47            android:launchMode="singleTask"
47-->src\main\AndroidManifest.xml:36:9-40
48            android:windowSoftInputMode="adjustResize" >
48-->src\main\AndroidManifest.xml:37:9-51
49            <intent-filter>
49-->src\main\AndroidManifest.xml:39:9-42:25
50                <action android:name="android.intent.action.MAIN" />
50-->src\main\AndroidManifest.xml:40:13-65
50-->src\main\AndroidManifest.xml:40:21-62
51
52                <category android:name="android.intent.category.LAUNCHER" />
52-->src\main\AndroidManifest.xml:41:13-73
52-->src\main\AndroidManifest.xml:41:23-70
53            </intent-filter>
54            <intent-filter>
54-->src\main\AndroidManifest.xml:43:9-48:25
55                <action android:name="android.intent.action.VIEW" />
55-->src\main\AndroidManifest.xml:44:13-65
55-->src\main\AndroidManifest.xml:44:21-62
56
57                <category android:name="android.intent.category.DEFAULT" />
57-->src\main\AndroidManifest.xml:45:13-72
57-->src\main\AndroidManifest.xml:45:23-69
58                <category android:name="android.intent.category.BROWSABLE" />
58-->src\main\AndroidManifest.xml:46:13-74
58-->src\main\AndroidManifest.xml:46:23-71
59
60                <data android:scheme="statsproject" />
60-->src\main\AndroidManifest.xml:47:13-51
60-->src\main\AndroidManifest.xml:47:19-48
61            </intent-filter>
62        </activity>
63
64        <service android:name="com.asterinet.react.bgactions.RNBackgroundActionsTask" />
64-->src\main\AndroidManifest.xml:50:7-87
64-->src\main\AndroidManifest.xml:50:16-84
65
66        <activity
66-->[com.google.android.gms:play-services-base:17.0.0] AndroidManifest.xml:23:9-26:75
67            android:name="com.google.android.gms.common.api.GoogleApiActivity"
67-->[com.google.android.gms:play-services-base:17.0.0] AndroidManifest.xml:24:13-79
68            android:exported="false"
68-->[com.google.android.gms:play-services-base:17.0.0] AndroidManifest.xml:25:13-37
69            android:theme="@android:style/Theme.Translucent.NoTitleBar" />
69-->[com.google.android.gms:play-services-base:17.0.0] AndroidManifest.xml:26:13-72
70
71        <meta-data
71-->[com.google.android.gms:play-services-basement:17.0.0] AndroidManifest.xml:23:9-25:69
72            android:name="com.google.android.gms.version"
72-->[com.google.android.gms:play-services-basement:17.0.0] AndroidManifest.xml:24:13-58
73            android:value="@integer/google_play_services_version" />
73-->[com.google.android.gms:play-services-basement:17.0.0] AndroidManifest.xml:25:13-66
74
75        <provider
75-->[androidx.emoji2:emoji2:1.0.0] AndroidManifest.xml:26:9-34:20
76            android:name="androidx.startup.InitializationProvider"
76-->[androidx.emoji2:emoji2:1.0.0] AndroidManifest.xml:27:13-67
77            android:authorities="com.statsproject.androidx-startup"
77-->[androidx.emoji2:emoji2:1.0.0] AndroidManifest.xml:28:13-68
78            android:exported="false" >
78-->[androidx.emoji2:emoji2:1.0.0] AndroidManifest.xml:29:13-37
79            <meta-data
79-->[androidx.emoji2:emoji2:1.0.0] AndroidManifest.xml:31:13-33:52
80                android:name="androidx.emoji2.text.EmojiCompatInitializer"
80-->[androidx.emoji2:emoji2:1.0.0] AndroidManifest.xml:32:17-75
81                android:value="androidx.startup" />
81-->[androidx.emoji2:emoji2:1.0.0] AndroidManifest.xml:33:17-49
82            <meta-data
82-->[androidx.lifecycle:lifecycle-process:2.4.0] AndroidManifest.xml:31:13-33:52
83                android:name="androidx.lifecycle.ProcessLifecycleInitializer"
83-->[androidx.lifecycle:lifecycle-process:2.4.0] AndroidManifest.xml:32:17-78
84                android:value="androidx.startup" />
84-->[androidx.lifecycle:lifecycle-process:2.4.0] AndroidManifest.xml:33:17-49
85        </provider>
86    </application>
87
88</manifest>